  Attackable.cpp
  AttackCommand.cpp
  Attribute.cpp
  EquipmentFactory.cpp
  EquipmentManager.cpp
  Character.cpp
  CharacterController.cpp
  CharacterStats.cpp
  ConsoleManager.cpp
  DieCommand.cpp
  Enemy.cpp
  Grid.cpp
  HealthPickUp.cpp
  HealthPickUpCommand.cpp
  Item.cpp
  ItemManager.cpp
  ModifiableInt.cpp
  Movable.cpp
  MoveCommand.cpp
  ScorePickUp.cpp
  Code wird generiert...
G:\MDH\7_Semester\Synch-Undo\Synch-Undo\Synch-Undo\ConsoleManager.h(18,1): warning C4715: "ConsoleManager::DirectionToString": Nicht alle Codepfade geben einen Wert zurück.
  Kompilieren...
  PickUpCommand.cpp
  Player.cpp
  RenderComponent.cpp
  RespawnCommand.cpp
  RotateCommand.cpp
  ScorePickUpCommand.cpp
  SpawnPickUpCommand.cpp
  Synch-Undo.cpp
G:\MDH\7_Semester\Synch-Undo\Synch-Undo\Synch-Undo\Synch-Undo.cpp(45,103): warning C4244: "Argument": Konvertierung von "double" in "const int", möglicher Datenverlust
G:\MDH\7_Semester\Synch-Undo\Synch-Undo\Synch-Undo\Synch-Undo.cpp(49,107): warning C4244: "Argument": Konvertierung von "double" in "const int", möglicher Datenverlust
  Code wird generiert...
  Synch-Undo.vcxproj -> G:\MDH\7_Semester\Synch-Undo\Synch-Undo\Debug\Synch-Undo.exe
